Using pre-set license
Built from '2020.3/release' branch; Version is '2020.3.1f1 (77a89f25062f) revision 7841951'; Using compiler version '192528614'; Build Type 'Release'
OS: 'Windows 10 Pro; OS build 19042.1348; Version 2009; 64bit' Language: 'pt' Physical Memory: 8101 MB
BatchMode: 1, IsHumanControllingUs: 0, StartBugReporterOnCrash: 0, Is64bit: 1, IsPro: 0

 COMMAND LINE ARGUMENTS:
C:\Program Files\Unity\Hub\Editor\2020.3.1f1\Editor\Unity.exe
-adb2
-batchMode
-noUpm
-name
AssetImportWorker2
-projectPath
C:/Unity/Multiverso
-logFile
Logs/AssetImportWorker2.log
-srvPort
55677
Successfully changed project path to: C:/Unity/Multiverso
C:/Unity/Multiverso
Using Asset Import Pipeline V2.
Refreshing native plugins compatible for Editor in 189.18 ms, found 0 plugins.
Preloading 0 native plugins for Editor in 0.00 ms.
Initialize engine version: 2020.3.1f1 (77a89f25062f)
[Subsystems] Discovering subsystems at path C:/Program Files/Unity/Hub/Editor/2020.3.1f1/Editor/Data/Resources/UnitySubsystems
[Subsystems] Discovering subsystems at path C:/Unity/Multiverso/Assets
GfxDevice: creating device client; threaded=0
Direct3D:
    Version:  Direct3D 11.0 [level 11.1]
    Renderer: NVIDIA GeForce MX150 (ID=0x1d10)
    Vendor:   
    VRAM:     1983 MB
    Driver:   30.0.14.7168
Initialize mono
Mono path[0] = 'C:/Program Files/Unity/Hub/Editor/2020.3.1f1/Editor/Data/Managed'
Mono path[1] = 'C:/Program Files/Unity/Hub/Editor/2020.3.1f1/Editor/Data/MonoBleedingEdge/lib/mono/unityjit'
Mono config path = 'C:/Program Files/Unity/Hub/Editor/2020.3.1f1/Editor/Data/MonoBleedingEdge/etc'
Using monoOptions --debugger-agent=transport=dt_socket,embedding=1,server=y,suspend=n,address=127.0.0.1:56544
Begin MonoManager ReloadAssembly
Registering precompiled unity dll's ...
Register platform support module: C:/Program Files/Unity/Hub/Editor/2020.3.1f1/Editor/Data/PlaybackEngines/WebGLSupport/UnityEditor.WebGL.Extensions.dll
Register platform support module: C:/Program Files/Unity/Hub/Editor/2020.3.1f1/Editor/Data/PlaybackEngines/WindowsStandaloneSupport/UnityEditor.WindowsStandalone.Extensions.dll
Registered in 0.006890 seconds.
Native extension for WindowsStandalone target not found
Native extension for WebGL target not found
Refreshing native plugins compatible for Editor in 234.30 ms, found 0 plugins.
Preloading 0 native plugins for Editor in 0.00 ms.
Invoked RoslynAnalysisRunner static constructor.
RoslynAnalysisRunner will not be running.
RoslynAnalysisRunner has terminated.
Mono: successfully reloaded assembly
- Completed reload, in  7.126 seconds
Platform modules already initialized, skipping
Registering precompiled user dll's ...
Registered in 0.002887 seconds.
Begin MonoManager ReloadAssembly
Native extension for WindowsStandalone target not found
Native extension for WebGL target not found
Refreshing native plugins compatible for Editor in 1.99 ms, found 0 plugins.
Preloading 0 native plugins for Editor in 0.00 ms.
Invoked RoslynAnalysisRunner static constructor.
RoslynAnalysisRunner will not be running.
RoslynAnalysisRunner has terminated.
Mono: successfully reloaded assembly
- Completed reload, in  2.099 seconds
Platform modules already initialized, skipping
========================================================================
Worker process is ready to serve import requests
Launched and connected shader compiler UnityShaderCompiler.exe after 0.23 seconds
Refreshing native plugins compatible for Editor in 1.72 ms, found 0 plugins.
Preloading 0 native plugins for Editor in 0.00 ms.
Unloading 1164 Unused Serialized files (Serialized files now loaded: 0)
System memory in use before: 80.2 MB.
System memory in use after: 80.3 MB.

Unloading 9 unused Assets to reduce memory usage. Loaded Objects now: 1623.
Total: 4.411600 ms (FindLiveObjects: 0.442200 ms CreateObjectMapping: 0.264000 ms MarkObjects: 3.471800 ms  DeleteObjects: 0.229900 ms)

========================================================================
Received Import Request.
  path: Assets/Cenas/Menu.unity
  artifactKey: Guid(351c8176754910645b2e60f57a5ae04f) Importer(815301076,1909f56bfc062723c751e8b465ee728b)
Start importing Assets/Cenas/Menu.unity using Guid(351c8176754910645b2e60f57a5ae04f) Importer(815301076,1909f56bfc062723c751e8b465ee728b)  -> (artifact id: '3a2d17ec83af5375a3e855ed35014bcb') in 0.041418 seconds
  Import took 0.048048 seconds .

========================================================================
Received Import Request.
  Time since last request: 0.000752 seconds.
  path: Assets/Animation
  artifactKey: Guid(5d4e840dbd911564a8ac93ce98538b4e) Importer(815301076,1909f56bfc062723c751e8b465ee728b)
Start importing Assets/Animation using Guid(5d4e840dbd911564a8ac93ce98538b4e) Importer(815301076,1909f56bfc062723c751e8b465ee728b)  -> (artifact id: 'cee5923b0ba39e9d03b948a73938152d') in 0.023809 seconds
  Import took 0.029550 seconds .

========================================================================
Received Import Request.
  Time since last request: 0.000443 seconds.
  path: Assets/Cenas/Mapa.unity
  artifactKey: Guid(97bc9753c78424d1e8b9a5f86a27ae68) Importer(815301076,1909f56bfc062723c751e8b465ee728b)
Start importing Assets/Cenas/Mapa.unity using Guid(97bc9753c78424d1e8b9a5f86a27ae68) Importer(815301076,1909f56bfc062723c751e8b465ee728b)  -> (artifact id: 'd621100e9e9ebe82db0a1fbe2f11b930') in 0.022124 seconds
  Import took 0.028010 seconds .

========================================================================
Received Prepare
Refreshing native plugins compatible for Editor in 2.92 ms, found 0 plugins.
Preloading 0 native plugins for Editor in 0.00 ms.
Unloading 2 Unused Serialized files (Serialized files now loaded: 0)
System memory in use before: 55.7 MB.
System memory in use after: 55.8 MB.

Unloading 2 unused Assets to reduce memory usage. Loaded Objects now: 1623.
Total: 6.222200 ms (FindLiveObjects: 0.408500 ms CreateObjectMapping: 0.163400 ms MarkObjects: 5.612300 ms  DeleteObjects: 0.033700 ms)

AssetImportWorkerClient::OnTransportError - code=2 error=End of file
